TOOL:	xrun	22.03-s012: Started on Apr 19, 2024 at 02:40:57 CDT
xrun: 22.03-s012: (c) Copyright 1995-2023 Cadence Design Systems, Inc.
xrun: *W,NCEXDEP: Executable (irun) is deprecated. Use (xrun) instead.
Loading snapshot worklib.top:sv .................... Done
SVSEED default: 1
xmsim: *W,DSEM2009: This SystemVerilog design is simulated as per IEEE 1800-2009 SystemVerilog simulation semantics. Use -disable_sem2009 option for turning off SV 2009 simulation semantics.
xcelium> source /opt/coe/cadence/XCELIUM/tools/xcelium/files/xmsimrc
xcelium> source /opt/coe/cadence/XCELIUM/tools/methodology/UVM/CDNS-1.1d/sv/files/tcl/uvm_sim.tcl
xcelium> database -open waves -into waves.shm -default
Created default SHM database waves
xcelium> probe -create top -all -memories -depth all -tasks -functions -all -database waves -waveform
xmsim: *W,PRFRTNEV: (-FUNCTION) Database must be opened in -EVENT mode to capture calling scope data.
xmsim: *W,PRLDYN: The design contains dynamic objects. The "-all" option excludes dynamic objects to improve performance. To enable probing of dynamic objects the "-all -dynamic" options should be added to the probe command.
xmsim: *W,LMTMSG: unpacked array at "top.inst_cache_top.inst_cache_wrapper_lv2.inst_cache_block_lv2.inst_main_func_lv2.cache_var" of 2097152 elements exceeds limit of 16384 - not probed
 Use 'probe -create -unpacked 2097152' to adjust limit.
xmsim: *W,LMTMSG: unpacked array at "top.inst_cache_top.inst_cache_wrapper_lv2.inst_cache_block_lv2.inst_main_func_lv2.cache_proc_contr" of 2097152 elements exceeds limit of 16384 - not probed
 Use 'probe -create -unpacked 2097152' to adjust limit.
xmsim: *W,LMTMSG: unpacked array at "top.inst_cache_top.inst_cache_wrapper_lv2.inst_cache_controller_lv2.inst_lru_block_lv2.lru_var" of 262144 elements exceeds limit of 16384 - not probed
 Use 'probe -create -unpacked 262144' to adjust limit.
xmsim: *W,LMTMSG: unpacked array at "top.inst_cache_top.inst_cache_lv1_multicore.inst_cache_lv1_unicore_0.inst_cache_wrapper_lv1_dl.inst_cache_block_lv1_dl.inst_main_func_lv1_dl.cache_var" of 65536 elements exceeds limit of 16384 - not probed
 Use 'probe -create -unpacked 65536' to adjust limit.
xmsim: *W,LMTMSG: unpacked array at "top.inst_cache_top.inst_cache_lv1_multicore.inst_cache_lv1_unicore_0.inst_cache_wrapper_lv1_dl.inst_cache_block_lv1_dl.inst_main_func_lv1_dl.cache_proc_contr" of 65536 elements exceeds limit of 16384 - not probed
 Use 'probe -create -unpacked 65536' to adjust limit.
xmsim: *W,LMTMSG: unpacked array at "top.inst_cache_top.inst_cache_lv1_multicore.inst_cache_lv1_unicore_0.inst_cache_wrapper_lv1_il.inst_cache_block_lv1_il.inst_main_func_lv1_il.cache_var" of 65536 elements exceeds limit of 16384 - not probed
 Use 'probe -create -unpacked 65536' to adjust limit.
xmsim: *W,LMTMSG: unpacked array at "top.inst_cache_top.inst_cache_lv1_multicore.inst_cache_lv1_unicore_0.inst_cache_wrapper_lv1_il.inst_cache_block_lv1_il.inst_main_func_lv1_il.cache_proc_contr" of 65536 elements exceeds limit of 16384 - not probed
 Use 'probe -create -unpacked 65536' to adjust limit.
xmsim: *W,LMTMSG: unpacked array at "top.inst_cache_top.inst_cache_lv1_multicore.inst_cache_lv1_unicore_1.inst_cache_wrapper_lv1_dl.inst_cache_block_lv1_dl.inst_main_func_lv1_dl.cache_var" of 65536 elements exceeds limit of 16384 - not probed
 Use 'probe -create -unpacked 65536' to adjust limit.
xmsim: *W,LMTMSG: unpacked array at "top.inst_cache_top.inst_cache_lv1_multicore.inst_cache_lv1_unicore_1.inst_cache_wrapper_lv1_dl.inst_cache_block_lv1_dl.inst_main_func_lv1_dl.cache_proc_contr" of 65536 elements exceeds limit of 16384 - not probed
 Use 'probe -create -unpacked 65536' to adjust limit.
xmsim: *W,LMTMSG: unpacked array at "top.inst_cache_top.inst_cache_lv1_multicore.inst_cache_lv1_unicore_1.inst_cache_wrapper_lv1_il.inst_cache_block_lv1_il.inst_main_func_lv1_il.cache_var" of 65536 elements exceeds limit of 16384 - not probed
 Use 'probe -create -unpacked 65536' to adjust limit.
xmsim: *W,LMTMSG: unpacked array at "top.inst_cache_top.inst_cache_lv1_multicore.inst_cache_lv1_unicore_1.inst_cache_wrapper_lv1_il.inst_cache_block_lv1_il.inst_main_func_lv1_il.cache_proc_contr" of 65536 elements exceeds limit of 16384 - not probed
 Use 'probe -create -unpacked 65536' to adjust limit.
xmsim: *W,LMTMSG: unpacked array at "top.inst_cache_top.inst_cache_lv1_multicore.inst_cache_lv1_unicore_2.inst_cache_wrapper_lv1_dl.inst_cache_block_lv1_dl.inst_main_func_lv1_dl.cache_var" of 65536 elements exceeds limit of 16384 - not probed
 Use 'probe -create -unpacked 65536' to adjust limit.
xmsim: *W,LMTMSG: unpacked array at "top.inst_cache_top.inst_cache_lv1_multicore.inst_cache_lv1_unicore_2.inst_cache_wrapper_lv1_dl.inst_cache_block_lv1_dl.inst_main_func_lv1_dl.cache_proc_contr" of 65536 elements exceeds limit of 16384 - not probed
 Use 'probe -create -unpacked 65536' to adjust limit.
xmsim: *W,LMTMSG: unpacked array at "top.inst_cache_top.inst_cache_lv1_multicore.inst_cache_lv1_unicore_2.inst_cache_wrapper_lv1_il.inst_cache_block_lv1_il.inst_main_func_lv1_il.cache_var" of 65536 elements exceeds limit of 16384 - not probed
 Use 'probe -create -unpacked 65536' to adjust limit.
xmsim: *W,LMTMSG: unpacked array at "top.inst_cache_top.inst_cache_lv1_multicore.inst_cache_lv1_unicore_2.inst_cache_wrapper_lv1_il.inst_cache_block_lv1_il.inst_main_func_lv1_il.cache_proc_contr" of 65536 elements exceeds limit of 16384 - not probed
 Use 'probe -create -unpacked 65536' to adjust limit.
xmsim: *W,LMTMSG: unpacked array at "top.inst_cache_top.inst_cache_lv1_multicore.inst_cache_lv1_unicore_3.inst_cache_wrapper_lv1_dl.inst_cache_block_lv1_dl.inst_main_func_lv1_dl.cache_var" of 65536 elements exceeds limit of 16384 - not probed
 Use 'probe -create -unpacked 65536' to adjust limit.
xmsim: *W,LMTMSG: unpacked array at "top.inst_cache_top.inst_cache_lv1_multicore.inst_cache_lv1_unicore_3.inst_cache_wrapper_lv1_dl.inst_cache_block_lv1_dl.inst_main_func_lv1_dl.cache_proc_contr" of 65536 elements exceeds limit of 16384 - not probed
 Use 'probe -create -unpacked 65536' to adjust limit.
xmsim: *W,LMTMSG: unpacked array at "top.inst_cache_top.inst_cache_lv1_multicore.inst_cache_lv1_unicore_3.inst_cache_wrapper_lv1_il.inst_cache_block_lv1_il.inst_main_func_lv1_il.cache_var" of 65536 elements exceeds limit of 16384 - not probed
 Use 'probe -create -unpacked 65536' to adjust limit.
xmsim: *W,LMTMSG: unpacked array at "top.inst_cache_top.inst_cache_lv1_multicore.inst_cache_lv1_unicore_3.inst_cache_wrapper_lv1_il.inst_cache_block_lv1_il.inst_main_func_lv1_il.cache_proc_contr" of 65536 elements exceeds limit of 16384 - not probed
 Use 'probe -create -unpacked 65536' to adjust limit.
Created probe 1
xcelium> 
xcelium> run
----------------------------------------------------------------
CDNS-UVM-1.1d (22.03-s012)
(C) 2007-2013 Mentor Graphics Corporation
(C) 2007-2013 Cadence Design Systems, Inc.
(C) 2006-2013 Synopsys, Inc.
(C) 2011-2013 Cypress Semiconductor Corp.
----------------------------------------------------------------

  ***********       IMPORTANT RELEASE NOTES         ************

  You are using a version of the UVM library that has been compiled
  with `UVM_NO_DEPRECATED undefined.
  See http://www.eda.org/svdb/view.php?id=3313 for more details.

  You are using a version of the UVM library that has been compiled
  with `UVM_OBJECT_MUST_HAVE_CONSTRUCTOR undefined.
  See http://www.eda.org/svdb/view.php?id=3770 for more details.

      (Specify +UVM_NO_RELNOTES to turn off this notice)

UVM_INFO ../uvm/top.sv(140) @ 0: reporter [TOP] Starting UVM test
UVM_WARNING @ 0: reporter [BDTYP] Cannot create a component of type 'mesi_war_dcache' because it is not registered with the factory.
UVM_FATAL @ 0: reporter [INVTST] Requested test from command line +UVM_TESTNAME=mesi_war_dcache not found.

--- UVM Report catcher Summary ---


Number of demoted UVM_FATAL reports  :    0
Number of demoted UVM_ERROR reports  :    0
Number of demoted UVM_WARNING reports:    0
Number of caught UVM_FATAL reports   :    0
Number of caught UVM_ERROR reports   :    0
Number of caught UVM_WARNING reports :    0

--- UVM Report Summary ---

** Report counts by severity
UVM_INFO :    1
UVM_WARNING :    1
UVM_ERROR :    0
UVM_FATAL :    1
** Report counts by id
[BDTYP]     1
[INVTST]     1
[TOP]     1
Simulation complete via $finish(1) at time 0 FS + 0
/opt/coe/cadence/XCELIUM/tools/methodology/UVM/CDNS-1.1d/sv/src/base/uvm_report_object.svh:292     $finish;
xcelium> exit

coverage setup:
  workdir  :  ./cov_work
  dutinst  :  top(top)
  scope    :  scope
  testname :  test

coverage files:
  model(design data) :  ./cov_work/scope/icc_1404b416_05891320.ucm
  data               :  ./cov_work/scope/test/icc_1404b416_05891320.ucd
TOOL:	xrun	22.03-s012: Exiting on Apr 19, 2024 at 02:41:00 CDT  (total: 00:00:03)
